<?xml version="1.0" encoding="UTF-8"?>
<!-- Generated by org.testng.reporters.JUnitReportReporter -->
<testsuite hostname="Lavanyas-MacBook-Air.local" failures="1" tests="5" name="com.samadhaan.SamadhaanTest" time="6.481" errors="0" timestamp="2026-05-04T07:23:31 IST" skipped="0">
  <testcase classname="com.samadhaan.SamadhaanTest" name="testHomepageLoads" time="0.729"/>
  <testcase classname="com.samadhaan.SamadhaanTest" name="testLoginPageRenders" time="1.608"/>
  <testcase classname="com.samadhaan.SamadhaanTest" name="testDashboardRedirectsToLogin" time="2.067"/>
  <testcase classname="com.samadhaan.SamadhaanTest" name="testProfileRedirectsToLogin" time="2.077"/>
  <testcase classname="com.samadhaan.SamadhaanTest" name="testIntentionalFailForDemoReport" time="0.000">
    <failure message="DEMO: This failure is intentional to show FAIL status in TestNG emailable and XSLT reports." type="java.lang.AssertionError">
      <![CDATA[java.lang.AssertionError: DEMO: This failure is intentional to show FAIL status in TestNG emailable and XSLT reports.
at org.testng.Assert.fail(Assert.java:111)
at com.samadhaan.SamadhaanTest.testIntentionalFailForDemoReport(SamadhaanTest.java:149)
at java.base/jdk.internal.reflect.DirectMethodHandleAccessor.invoke(DirectMethodHandleAccessor.java:104)
at java.base/java.lang.reflect.Method.invoke(Method.java:565)
at org.testng.internal.invokers.MethodInvocationHelper.invokeMethod(MethodInvocationHelper.java:139)
at org.testng.internal.invokers.TestInvoker.invokeMethod(TestInvoker.java:664)
at org.testng.internal.invokers.TestInvoker.invokeTestMethod(TestInvoker.java:228)
at org.testng.internal.invokers.MethodRunner.runInSequence(MethodRunner.java:63)
at org.testng.internal.invokers.TestInvoker$MethodInvocationAgent.invoke(TestInvoker.java:961)
at org.testng.internal.invokers.TestInvoker.invokeTestMethods(TestInvoker.java:201)
at org.testng.internal.invokers.TestMethodWorker.invokeTestMethods(TestMethodWorker.java:148)
at org.testng.internal.invokers.TestMethodWorker.run(TestMethodWorker.java:128)
at java.base/java.util.ArrayList.forEach(ArrayList.java:1604)
at org.testng.TestRunner.privateRun(TestRunner.java:819)
at org.testng.TestRunner.run(TestRunner.java:619)
at org.testng.SuiteRunner.runTest(SuiteRunner.java:443)
at org.testng.SuiteRunner.runSequentially(SuiteRunner.java:437)
at org.testng.SuiteRunner.privateRun(SuiteRunner.java:397)
at org.testng.SuiteRunner.run(SuiteRunner.java:336)
at org.testng.SuiteRunnerWorker.runSuite(SuiteRunnerWorker.java:52)
at org.testng.SuiteRunnerWorker.run(SuiteRunnerWorker.java:95)
at org.testng.TestNG.runSuitesSequentially(TestNG.java:1301)
at org.testng.TestNG.runSuitesLocally(TestNG.java:1228)
at org.testng.TestNG.runSuites(TestNG.java:1134)
at org.testng.TestNG.run(TestNG.java:1101)
at org.apache.maven.surefire.testng.TestNGExecutor.run(TestNGExecutor.java:308)
at org.apache.maven.surefire.testng.TestNGXmlTestSuite.execute(TestNGXmlTestSuite.java:71)
at org.apache.maven.surefire.testng.TestNGProvider.invoke(TestNGProvider.java:113)
at org.apache.maven.surefire.booter.ForkedBooter.runSuitesInProcess(ForkedBooter.java:385)
at org.apache.maven.surefire.booter.ForkedBooter.execute(ForkedBooter.java:162)
at org.apache.maven.surefire.booter.ForkedBooter.run(ForkedBooter.java:507)
at org.apache.maven.surefire.booter.ForkedBooter.main(ForkedBooter.java:495)
]]>
    </failure>
  </testcase> <!-- testIntentionalFailForDemoReport -->
</testsuite> <!-- com.samadhaan.SamadhaanTest -->
