<?xml version="1.0" encoding="UTF-8"?>
<!-- Generated by org.testng.reporters.JUnitXMLReporter -->
<testsuite ignored="0" hostname="Lavanyas-MacBook-Air.local" failures="1" tests="5" name="Samadhaan UI Tests" time="8.465" errors="0" timestamp="2026-05-04T07:23:31 IST">
  <testcase classname="com.samadhaan.SamadhaanTest" name="testHomepageLoads" time="0.729"/>
  <testcase classname="com.samadhaan.SamadhaanTest" name="testLoginPageRenders" time="1.608"/>
  <testcase classname="com.samadhaan.SamadhaanTest" name="testDashboardRedirectsToLogin" time="2.067"/>
  <testcase classname="com.samadhaan.SamadhaanTest" name="testProfileRedirectsToLogin" time="2.077"/>
  <testcase classname="com.samadhaan.SamadhaanTest" name="testIntentionalFailForDemoReport" time="0.0">
    <failure type="java.lang.AssertionError" message="DEMO: This failure is intentional to show FAIL status in TestNG emailable and XSLT reports.">
      <![CDATA[java.lang.AssertionError: DEMO: This failure is intentional to show FAIL status in TestNG emailable and XSLT reports.
at com.samadhaan.SamadhaanTest.testIntentionalFailForDemoReport(SamadhaanTest.java:149)
at java.base/java.util.ArrayList.forEach(ArrayList.java:1604)
... Removed 30 stack frames]]>
    </failure>
  </testcase> <!-- testIntentionalFailForDemoReport -->
</testsuite> <!-- Samadhaan UI Tests -->
